<?xml version="1.0" encoding="UTF-8"?>
<!-- Generated by org.testng.reporters.JUnitReportReporter -->
<testsuite hostname="Swetha" failures="0" tests="15" name="runner.TestRunner" time="3.613" errors="0" timestamp="2022-08-16T15:05:22 IST" skipped="0">
  <testcase classname="runner.TestRunner" name="runScenario" time="0.112"/>
  <system-out/>
  <testcase classname="runner.TestRunner" name="runScenario" time="0.155"/>
  <system-out/>
  <testcase classname="runner.TestRunner" name="runScenario" time="0.146"/>
  <system-out/>
  <testcase classname="runner.TestRunner" name="runScenario" time="0.176"/>
  <system-out/>
  <testcase classname="runner.TestRunner" name="runScenario" time="0.113"/>
  <system-out/>
  <testcase classname="runner.TestRunner" name="runScenario" time="0.135"/>
  <system-out/>
  <testcase classname="runner.TestRunner" name="runScenario" time="0.132"/>
  <system-out/>
  <testcase classname="runner.TestRunner" name="runScenario" time="1.793"/>
  <system-out/>
  <testcase classname="runner.TestRunner" name="runScenario" time="0.097"/>
  <system-out/>
  <testcase classname="runner.TestRunner" name="runScenario" time="0.153"/>
  <system-out/>
  <testcase classname="runner.TestRunner" name="runScenario" time="0.138"/>
  <system-out/>
  <testcase classname="runner.TestRunner" name="runScenario" time="0.125"/>
  <system-out/>
  <testcase classname="runner.TestRunner" name="runScenario" time="0.111"/>
  <system-out/>
  <testcase classname="runner.TestRunner" name="runScenario" time="0.125"/>
  <system-out/>
  <testcase classname="runner.TestRunner" name="runScenario" time="0.102"/>
  <system-out/>
</testsuite> <!-- runner.TestRunner -->
